2020-08-25 18:58:50.424 LOGUSER LAPTOP-N67E5GTB --- [nio-3333-exec-5] c.d.S.SpringLoginPageApplication         : w324fdfsdad logged in with password 442442fddads
2020-08-25 19:00:28.791 LOGUSER LAPTOP-N67E5GTB --- [nio-3333-exec-2] c.d.S.SpringLoginPageApplication         : w324fdfsdad logged in with password 442442fddads
2020-08-25 19:01:21.927 LOGUSER LAPTOP-N67E5GTB --- [nio-3333-exec-3] c.d.S.SpringLoginPageApplication         : w324fdfsdad logged in with password 442442fddads
2020-08-25 19:07:25.660 LOGUSER LAPTOP-N67E5GTB --- [nio-3333-exec-4] c.d.S.SpringLoginPageApplication         : das logged in with password fsaf
2020-08-25 19:07:38.653 LOGUSER LAPTOP-N67E5GTB --- [nio-3333-exec-5] c.d.S.SpringLoginPageApplication         : das logged in with password sda
2020-08-25 19:08:49.774 LOGUSER LAPTOP-N67E5GTB --- [nio-3333-exec-7] c.d.S.SpringLoginPageApplication         : das logged in with password asd
2020-08-25 19:10:21.345 LOGUSER LAPTOP-N67E5GTB --- [nio-3333-exec-4] c.d.S.SpringLoginPageApplication         : das logged in with password asf
2020-08-25 19:11:30.032 LOGUSER LAPTOP-N67E5GTB --- [nio-3333-exec-9] c.d.S.SpringLoginPageApplication         : fsaf logged in with password fsaf
2020-08-25 19:11:45.396 LOGUSER LAPTOP-N67E5GTB --- [nio-3333-exec-6] c.d.S.SpringLoginPageApplication         : das logged in with password dafa
2020-08-25 19:13:01.340 LOGUSER LAPTOP-N67E5GTB --- [nio-3333-exec-4] c.d.S.SpringLoginPageApplication         : das logged in with password fsaf
2020-08-25 19:18:53.077 LOGUSER LAPTOP-N67E5GTB --- [nio-3333-exec-2] c.d.S.SpringLoginPageApplication         : das logged in with password fs
2020-08-25 19:19:20.607 LOGUSER LAPTOP-N67E5GTB --- [nio-3333-exec-7] c.d.S.SpringLoginPageApplication         : das logged in with password fsa
2020-08-25 19:19:46.664 LOGUSER LAPTOP-N67E5GTB --- [nio-3333-exec-4] c.d.S.SpringLoginPageApplication         : das logged in with password fas
2020-08-25 19:20:51.329 LOGUSER LAPTOP-N67E5GTB --- [nio-3333-exec-2] c.d.S.SpringLoginPageApplication         : das logged in with password dwa
2020-08-25 19:21:17.920 LOGUSER LAPTOP-N67E5GTB --- [nio-3333-exec-8] c.d.S.SpringLoginPageApplication         : das logged in with password add
2020-08-25 19:22:12.705 LOGUSER LAPTOP-N67E5GTB --- [nio-3333-exec-4] c.d.S.SpringLoginPageApplication         : das logged in with password fas
2020-08-25 19:22:57.823 LOGUSER LAPTOP-N67E5GTB --- [nio-3333-exec-5] c.d.S.SpringLoginPageApplication         : fsaf logged in with password saf
2020-08-25 19:26:33.960 LOGUSER LAPTOP-N67E5GTB --- [nio-3333-exec-7] c.d.S.SpringLoginPageApplication         : das logged in with password saf
2020-08-25 19:26:50.131 LOGUSER LAPTOP-N67E5GTB --- [nio-3333-exec-3] c.d.S.SpringLoginPageApplication         : das logged in with password saf
2020-08-25 19:31:25.335 LOGUSER LAPTOP-N67E5GTB --- [nio-3333-exec-5] c.d.S.SpringLoginPageApplication         : das logged in with password af
2020-08-25 19:32:47.616 LOGUSER LAPTOP-N67E5GTB --- [nio-3333-exec-3] c.d.S.SpringLoginPageApplication         : w324fdfsdad logged in with password 442442fddads
2020-08-25 19:33:41.706 LOGUSER LAPTOP-N67E5GTB --- [nio-3333-exec-1] c.d.S.SpringLoginPageApplication         : w324fdfsdad logged in with password 442442fddads
2020-08-25 19:34:48.919 LOGUSER LAPTOP-N67E5GTB --- [nio-3333-exec-5] c.d.S.SpringLoginPageApplication         : w324fdfsdad logged in with password 442442fddads
2020-08-25 20:04:52.637 LOGUSER LAPTOP-N67E5GTB --- [nio-3333-exec-7] c.d.S.SpringLoginPageApplication         : w324fdfsdad logged in with password 442442fddads
2020-08-25 20:05:23.709 LOGUSER LAPTOP-N67E5GTB --- [nio-3333-exec-9] c.d.S.SpringLoginPageApplication         : ds logged in with password asda
2020-08-25 20:06:53.752 LOGUSER LAPTOP-N67E5GTB --- [nio-3333-exec-4] c.d.S.SpringLoginPageApplication         : das logged in with password asf
2020-08-25 20:11:47.324 LOGUSER LAPTOP-N67E5GTB --- [nio-3333-exec-8] c.d.S.SpringLoginPageApplication         : sas logged in with password 442442fddadsdaad
2020-08-25 20:31:58.712 LOGUSER LAPTOP-N67E5GTB --- [nio-3333-exec-4] c.d.S.SpringLoginPageApplication         : dsad logged in with password asd
